c:\users\rob bagott\desktop\unnamed_tbs_project\tbs_game\tbs_game\release\spritesheet.obj
c:\users\rob bagott\desktop\unnamed_tbs_project\tbs_game\tbs_game\release\splashscreen.obj
c:\users\rob bagott\desktop\unnamed_tbs_project\tbs_game\tbs_game\release\maptile.obj
c:\users\rob bagott\desktop\unnamed_tbs_project\tbs_game\tbs_game\release\mainmenu.obj
c:\users\rob bagott\desktop\unnamed_tbs_project\tbs_game\tbs_game\release\main.obj
c:\users\rob bagott\desktop\unnamed_tbs_project\tbs_game\tbs_game\release\inmapstate.obj
c:\users\rob bagott\desktop\unnamed_tbs_project\tbs_game\tbs_game\release\hero.obj
c:\users\rob bagott\desktop\unnamed_tbs_project\tbs_game\tbs_game\release\game.obj
c:\users\rob bagott\desktop\unnamed_tbs_project\tbs_game\tbs_game\release\texturemanager.obj
c:\users\rob bagott\desktop\unnamed_tbs_project\tbs_game\tbs_game\release\menubutton.obj
c:\users\rob bagott\desktop\unnamed_tbs_project\tbs_game\tbs_game\release\gameutilities.obj
c:\users\rob bagott\desktop\unnamed_tbs_project\tbs_game\tbs_game\release\appinfo.obj
c:\users\rob bagott\desktop\unnamed_tbs_project\tbs_game\tbs_game\release\logger.obj
c:\users\rob bagott\desktop\unnamed_tbs_project\tbs_game\release\tbs_game.exe
c:\users\rob bagott\desktop\unnamed_tbs_project\tbs_game\release\tbs_game.pdb
c:\users\rob bagott\desktop\unnamed_tbs_project\tbs_game\tbs_game\release\jsoncpp.obj
c:\users\rob bagott\desktop\unnamed_tbs_project\tbs_game\tbs_game\release\stdafx.obj
c:\users\rob bagott\desktop\unnamed_tbs_project\tbs_game\tbs_game\release\nativecodeanalysis.read.1.tlog
c:\users\rob bagott\desktop\unnamed_tbs_project\tbs_game\tbs_game\release\appinfo.nativecodeanalysis.xml
c:\users\rob bagott\desktop\unnamed_tbs_project\tbs_game\tbs_game\release\game.nativecodeanalysis.xml
c:\users\rob bagott\desktop\unnamed_tbs_project\tbs_game\tbs_game\release\gameutilities.nativecodeanalysis.xml
c:\users\rob bagott\desktop\unnamed_tbs_project\tbs_game\tbs_game\release\hero.nativecodeanalysis.xml
c:\users\rob bagott\desktop\unnamed_tbs_project\tbs_game\tbs_game\release\inmapstate.nativecodeanalysis.xml
c:\users\rob bagott\desktop\unnamed_tbs_project\tbs_game\tbs_game\release\jsoncpp.nativecodeanalysis.xml
c:\users\rob bagott\desktop\unnamed_tbs_project\tbs_game\tbs_game\release\main.nativecodeanalysis.xml
c:\users\rob bagott\desktop\unnamed_tbs_project\tbs_game\tbs_game\release\mainmenu.nativecodeanalysis.xml
c:\users\rob bagott\desktop\unnamed_tbs_project\tbs_game\tbs_game\release\maptile.nativecodeanalysis.xml
c:\users\rob bagott\desktop\unnamed_tbs_project\tbs_game\tbs_game\release\menubutton.nativecodeanalysis.xml
c:\users\rob bagott\desktop\unnamed_tbs_project\tbs_game\tbs_game\release\splashscreen.nativecodeanalysis.xml
c:\users\rob bagott\desktop\unnamed_tbs_project\tbs_game\tbs_game\release\spritesheet.nativecodeanalysis.xml
c:\users\rob bagott\desktop\unnamed_tbs_project\tbs_game\tbs_game\release\stdafx.nativecodeanalysis.xml
c:\users\rob bagott\desktop\unnamed_tbs_project\tbs_game\tbs_game\release\texturemanager.nativecodeanalysis.xml
c:\users\rob bagott\desktop\unnamed_tbs_project\tbs_game\tbs_game\release\tinyxml2.nativecodeanalysis.xml
c:\users\rob bagott\desktop\unnamed_tbs_project\tbs_game\tbs_game\release\vc.nativecodeanalysis.all.xml
c:\users\rob bagott\desktop\unnamed_tbs_project\tbs_game\release\tbs_game.exe.lastcodeanalysissucceeded
c:\users\rob bagott\desktop\unnamed_tbs_project\tbs_game\tbs_game\release\tbs_game.tlog\cl.command.1.tlog
c:\users\rob bagott\desktop\unnamed_tbs_project\tbs_game\tbs_game\release\tbs_game.tlog\cl.read.1.tlog
c:\users\rob bagott\desktop\unnamed_tbs_project\tbs_game\tbs_game\release\tbs_game.tlog\cl.write.1.tlog
c:\users\rob bagott\desktop\unnamed_tbs_project\tbs_game\tbs_game\release\tbs_game.tlog\link.command.1.tlog
c:\users\rob bagott\desktop\unnamed_tbs_project\tbs_game\tbs_game\release\tbs_game.tlog\link.read.1.tlog
c:\users\rob bagott\desktop\unnamed_tbs_project\tbs_game\tbs_game\release\tbs_game.tlog\link.write.1.tlog
