Build started 6/16/2015 10:16:14 PM.
     1>Project "C:\Users\Rob Bagott\Desktop\Unnamed_TBS_Project\TBS_Game\TBS_Game\TBS_Game.vcxproj" on node 2 (Build target(s)).
     1>ClCompile:
         C:\Program Files (x86)\Microsoft Visual Studio 12.0\VC\bin\CL.exe /c /I"C:\Users\Rob Bagott\Desktop\Unnamed_TBS_Project\TBS_Game\\SFML-2.3\include\\" /Z7 /nologo /W3 /WX- /Ox /Oi /Oy /GT /GL /D WIN32 /D NDEBUG /D _CONSOLE /D _LIB /D _UNICODE /D UNICODE /Gm- /EHsc /MD /GS /Gy /fp:precise /Zc:wchar_t /Zc:forScope /Fo"Release\\" /Fd"Release\vc120.pdb" /Gd /TP /analyze- /errorReport:prompt CharacterOverlay.cpp
         CharacterOverlay.cpp
     1>CharacterOverlay.cpp(24): warning C4244: 'argument' : conversion from 'unsigned int' to 'float', possible loss of data
     1>CharacterOverlay.cpp(27): warning C4244: 'argument' : conversion from 'unsigned int' to 'float', possible loss of data
     1>CharacterOverlay.cpp(66): warning C4244: 'argument' : conversion from 'double' to 'float', possible loss of data
     1>CharacterOverlay.cpp(70): warning C4244: 'argument' : conversion from 'double' to 'float', possible loss of data
     1>CharacterOverlay.cpp(102): warning C4244: 'argument' : conversion from 'unsigned int' to 'float', possible loss of data
     1>CharacterOverlay.cpp(105): warning C4244: 'argument' : conversion from 'unsigned int' to 'float', possible loss of data
       Link:
         C:\Program Files (x86)\Microsoft Visual Studio 12.0\VC\bin\link.exe /ERRORREPORT:PROMPT /OUT:"C:\Users\Rob Bagott\Desktop\Unnamed_TBS_Project\TBS_Game\Release\TBS_Game.exe" /INCREMENTAL:NO /NOLOGO /LIBPATH:"C:\Users\Rob Bagott\Desktop\Unnamed_TBS_Project\TBS_Game\\SFML-2.3\lib" "sfml-graphics.lib" "sfml-window.lib" "sfml-system.lib" "sfml-audio.lib" kernel32.lib user32.lib gdi32.lib winspool.lib comdlg32.lib advapi32.lib shell32.lib ole32.lib oleaut32.lib uuid.lib odbc32.lib odbccp32.lib /MANIFEST /MANIFESTUAC:"level='asInvoker' uiAccess='false'" /manifest:embed /DEBUG /PDB:"C:\Users\Rob Bagott\Desktop\Unnamed_TBS_Project\TBS_Game\Release\TBS_Game.pdb" /SUBSYSTEM:CONSOLE /LTCG /TLBID:1 /DYNAMICBASE /NXCOMPAT /IMPLIB:"C:\Users\Rob Bagott\Desktop\Unnamed_TBS_Project\TBS_Game\Release\TBS_Game.lib" /MACHINE:X86 /SAFESEH Release\AppInfo.obj
         Release\CharacterOverlay.obj
         Release\Game.obj
         Release\GameUtilities.obj
         Release\Hero.obj
         Release\ICharacter.obj
         Release\InMapState.obj
         Release\jsoncpp.obj
         Release\Logger.obj
         Release\Main.obj
         Release\MainMenu.obj
         Release\MapTile.obj
         Release\MenuButton.obj
         Release\CharacterSelectMenu.obj
         Release\SplashScreen.obj
         Release\SpriteSheet.obj
         Release\stdAfx.obj
         Release\TextureManager.obj
         Generating code
         Finished generating code
         TBS_Game.vcxproj -> C:\Users\Rob Bagott\Desktop\Unnamed_TBS_Project\TBS_Game\Release\TBS_Game.exe
     1>Done Building Project "C:\Users\Rob Bagott\Desktop\Unnamed_TBS_Project\TBS_Game\TBS_Game\TBS_Game.vcxproj" (Build target(s)).

Build succeeded.

Time Elapsed 00:00:03.94
